[debug] [2023-04-11T05:08:27.339Z] ----------------------------------------------------------------------
[debug] [2023-04-11T05:08:27.343Z] Command:       C:\Program Files\nodejs\node.exe C:\Users\ketem\AppData\Roaming\npm\node_modules\firebase-tools\lib\bin\firebase.js init
[debug] [2023-04-11T05:08:27.344Z] CLI Version:   11.25.2
[debug] [2023-04-11T05:08:27.344Z] Platform:      win32
[debug] [2023-04-11T05:08:27.344Z] Node Version:  v16.17.1
[debug] [2023-04-11T05:08:27.346Z] Time:          Tue Apr 11 2023 08:08:27 GMT+0300 (East Africa Time)
[debug] [2023-04-11T05:08:27.347Z] ----------------------------------------------------------------------
[debug] 
[debug] [2023-04-11T05:08:27.364Z] > command requires scopes: ["email","openid","https://www.googleapis.com/auth/cloudplatformprojects.readonly","https://www.googleapis.com/auth/firebase","https://www.googleapis.com/auth/cloud-platform"]
[debug] [2023-04-11T05:08:27.365Z] > authorizing via signed-in user (blueboylearns@gmail.com)
[info] 
     ######## #### ########  ######## ########     ###     ######  ########
     ##        ##  ##     ## ##       ##     ##  ##   ##  ##       ##
     ######    ##  ########  ######   ########  #########  ######  ######
     ##        ##  ##    ##  ##       ##     ## ##     ##       ## ##
     ##       #### ##     ## ######## ########  ##     ##  ######  ########

You're about to initialize a Firebase project in this directory:

  C:\Users\ketem\Documents\Code\projects\Ecommerce\Ecommerce-Website

[info] 
=== Project Setup
[info] 
[info] First, let's associate this project directory with a Firebase project.
[info] You can create multiple project aliases by running firebase use --add, 
[info] but for now we'll just set up a default project.
[info] 
[debug] [2023-04-11T05:09:19.725Z] >>> [apiv2][query] GET https://firebase.googleapis.com/v1beta1/projects pageSize=100
[debug] [2023-04-11T05:09:20.810Z] <<< [apiv2][status] GET https://firebase.googleapis.com/v1beta1/projects 200
[debug] [2023-04-11T05:09:20.810Z] <<< [apiv2][body] GET https://firebase.googleapis.com/v1beta1/projects [omitted]
[info] i  Using project ecommerce-site-54028 (Ecommerce Site) 
[info] 
=== Hosting Setup
[info] 
[info] Your public directory is the folder (relative to your project directory) that
[info] will contain Hosting assets to be uploaded with firebase deploy. If you
[info] have a build process for your assets, use your build's output directory.
[info] 
[info] +  Wrote public/404.html 
[debug] [2023-04-11T05:10:26.638Z] >>> [apiv2][query] GET https://www.gstatic.com/firebasejs/releases.json [none]
[debug] [2023-04-11T05:10:27.202Z] <<< [apiv2][status] GET https://www.gstatic.com/firebasejs/releases.json 200
[debug] [2023-04-11T05:10:27.203Z] <<< [apiv2][body] GET https://www.gstatic.com/firebasejs/releases.json {"current":{"version":"9.19.1","browserURL":"https://www.gstatic.com/firebasejs/9.19.1/firebase.js","packageURL":"https://www.gstatic.com/firebasejs/9.19.1/firebase.tgz"},"live":{"version":"9.19","browserURL":"https://www.gstatic.com/firebasejs/live/9.19/firebase.js","packageURL":"https://www.gstatic.com/firebasejs/live/9.19/firebase.tgz"},"components":{"analytics":"https://www.gstatic.com/firebasejs/9.19.1/firebase-analytics.js","app":"https://www.gstatic.com/firebasejs/9.19.1/firebase-app.js","app-check":"https://www.gstatic.com/firebasejs/9.19.1/firebase-app-check.js","auth":"https://www.gstatic.com/firebasejs/9.19.1/firebase-auth.js","auth/cordova":"https://www.gstatic.com/firebasejs/9.19.1/firebase-auth/cordova.js","auth/react-native":"https://www.gstatic.com/firebasejs/9.19.1/firebase-auth/react-native.js","functions":"https://www.gstatic.com/firebasejs/9.19.1/firebase-functions.js","firestore":"https://www.gstatic.com/firebasejs/9.19.1/firebase-firestore.js","firestore/lite":"https://www.gstatic.com/firebasejs/9.19.1/firebase-firestore/lite.js","installations":"https://www.gstatic.com/firebasejs/9.19.1/firebase-installations.js","storage":"https://www.gstatic.com/firebasejs/9.19.1/firebase-storage.js","performance":"https://www.gstatic.com/firebasejs/9.19.1/firebase-performance.js","remote-config":"https://www.gstatic.com/firebasejs/9.19.1/firebase-remote-config.js","messaging":"https://www.gstatic.com/firebasejs/9.19.1/firebase-messaging.js","messaging/sw":"https://www.gstatic.com/firebasejs/9.19.1/firebase-messaging/sw.js","database":"https://www.gstatic.com/firebasejs/9.19.1/firebase-database.js","firestore.memory":"https://www.gstatic.com/firebasejs/9.19.1/firebase-firestore.memory.js"}}
[info] i  Skipping write of public/index.html 
[info] 
[info] i  Detected a .git folder at C:\Users\ketem\Documents\Code\projects\Ecommerce\Ecommerce-Website 
[info] i  Authorizing with GitHub to upload your service account to a GitHub repository's secrets store. 
[info] 
[info] Visit this URL on this device to log in:
[info] https://github.com/login/oauth/authorize?client_id=89cf50f02ac6aaed3484&state=824776293&redirect_uri=http%3A%2F%2Flocalhost%3A9005&scope=read%3Auser%20repo%20public_repo
[info] 
[info] Waiting for authentication...
[debug] [2023-04-11T05:11:00.600Z] >>> [apiv2][query] POST https://github.com/login/oauth/access_token [none]
[debug] [2023-04-11T05:11:00.600Z] >>> [apiv2][body] POST https://github.com/login/oauth/access_token [stream]
[debug] [2023-04-11T05:11:01.256Z] <<< [apiv2][status] POST https://github.com/login/oauth/access_token 200
[debug] [2023-04-11T05:11:01.256Z] <<< [apiv2][body] POST https://github.com/login/oauth/access_token {"access_token":"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","token_type":"bearer","scope":"read:user,repo"}
[debug] [2023-04-11T05:11:01.310Z] >>> [apiv2][query] GET https://api.github.com/user [none]
[debug] [2023-04-11T05:11:02.224Z] <<< [apiv2][status] GET https://api.github.com/user 200
[debug] [2023-04-11T05:11:02.224Z] <<< [apiv2][body] GET https://api.github.com/user {"login":"YOWDAHE","id":101579632,"node_id":"U_kgDOBg37cA","avatar_url":"https://avatars.githubusercontent.com/u/101579632?v=4","gravatar_id":"","url":"https://api.github.com/users/YOWDAHE","html_url":"https://github.com/YOWDAHE","followers_url":"https://api.github.com/users/YOWDAHE/followers","following_url":"https://api.github.com/users/YOWDAHE/following{/other_user}","gists_url":"https://api.github.com/users/YOWDAHE/gists{/gist_id}","starred_url":"https://api.github.com/users/YOWDAHE/starred{/owner}{/repo}","subscriptions_url":"https://api.github.com/users/YOWDAHE/subscriptions","organizations_url":"https://api.github.com/users/YOWDAHE/orgs","repos_url":"https://api.github.com/users/YOWDAHE/repos","events_url":"https://api.github.com/users/YOWDAHE/events{/privacy}","received_events_url":"https://api.github.com/users/YOWDAHE/received_events","type":"User","site_admin":false,"name":null,"company":null,"blog":"","location":null,"email":null,"hireable":null,"bio":null,"twitter_username":null,"public_repos":12,"public_gists":0,"followers":5,"following":5,"created_at":"2022-03-14T15:17:55Z","updated_at":"2023-03-31T08:25:43Z","private_gists":0,"total_private_repos":0,"owned_private_repos":0,"disk_usage":50787,"collaborators":0,"two_factor_authentication":false,"plan":{"name":"free","space":976562499,"collaborators":0,"private_repos":10000}}
[info] 
[info] +  Success! Logged into GitHub as YOWDAHE 
[info] 
[debug] [2023-04-11T05:14:37.075Z] >>> [apiv2][query] GET https://api.github.com/repos/YOWDAHE/Ecommerce-Website/actions/secrets/public-key type=owner
[debug] [2023-04-11T05:14:37.797Z] <<< [apiv2][status] GET https://api.github.com/repos/YOWDAHE/Ecommerce-Website/actions/secrets/public-key 401
[debug] [2023-04-11T05:14:37.798Z] <<< [apiv2][body] GET https://api.github.com/repos/YOWDAHE/Ecommerce-Website/actions/secrets/public-key {"message":"Bad credentials","documentation_url":"https://docs.github.com/rest"}
[debug] [2023-04-11T05:14:52.126Z] >>> [apiv2][query] GET https://api.github.com/repos/YOWDAHE/Ecommerce-Website/actions/secrets/public-key type=owner
[debug] [2023-04-11T05:14:52.934Z] <<< [apiv2][status] GET https://api.github.com/repos/YOWDAHE/Ecommerce-Website/actions/secrets/public-key 401
[debug] [2023-04-11T05:14:52.935Z] <<< [apiv2][body] GET https://api.github.com/repos/YOWDAHE/Ecommerce-Website/actions/secrets/public-key {"message":"Bad credentials","documentation_url":"https://docs.github.com/rest"}
[debug] [2023-04-11T05:15:26.364Z] >>> [apiv2][query] GET https://api.github.com/repos/YOWDAHE/Ecommerce-Website/actions/secrets/public-key type=owner
[debug] [2023-04-11T05:15:27.007Z] <<< [apiv2][status] GET https://api.github.com/repos/YOWDAHE/Ecommerce-Website/actions/secrets/public-key 401
[debug] [2023-04-11T05:15:27.008Z] <<< [apiv2][body] GET https://api.github.com/repos/YOWDAHE/Ecommerce-Website/actions/secrets/public-key {"message":"Bad credentials","documentation_url":"https://docs.github.com/rest"}
[debug] [2023-04-11T05:16:48.615Z] >>> [apiv2][query] GET https://api.github.com/repos/YOWDAHE/Ecommerce-Website/actions/secrets/public-key type=owner
[debug] [2023-04-11T05:16:49.197Z] <<< [apiv2][status] GET https://api.github.com/repos/YOWDAHE/Ecommerce-Website/actions/secrets/public-key 401
[debug] [2023-04-11T05:16:49.197Z] <<< [apiv2][body] GET https://api.github.com/repos/YOWDAHE/Ecommerce-Website/actions/secrets/public-key {"message":"Bad credentials","documentation_url":"https://docs.github.com/rest"}
[debug] [2023-04-11T05:16:49.749Z] >>> [apiv2][query] GET https://api.github.com/repos/YOWDAHE/Ecommerce-Website/actions/secrets/public-key type=owner
[debug] [2023-04-11T05:16:50.338Z] <<< [apiv2][status] GET https://api.github.com/repos/YOWDAHE/Ecommerce-Website/actions/secrets/public-key 401
[debug] [2023-04-11T05:16:50.338Z] <<< [apiv2][body] GET https://api.github.com/repos/YOWDAHE/Ecommerce-Website/actions/secrets/public-key {"message":"Bad credentials","documentation_url":"https://docs.github.com/rest"}
[debug] [2023-04-11T05:16:55.192Z] >>> [apiv2][query] GET https://api.github.com/repos/YOWDAHE/Ecommerce-Website  /actions/secrets/public-key type=owner
[debug] [2023-04-11T05:16:55.832Z] <<< [apiv2][status] GET https://api.github.com/repos/YOWDAHE/Ecommerce-Website  /actions/secrets/public-key 401
[debug] [2023-04-11T05:16:55.832Z] <<< [apiv2][body] GET https://api.github.com/repos/YOWDAHE/Ecommerce-Website  /actions/secrets/public-key {"message":"Bad credentials","documentation_url":"https://docs.github.com/rest"}
[debug] [2023-04-11T05:17:02.387Z] >>> [apiv2][query] GET https://api.github.com/repos/YOWDAHE/Ecommerce-Website  y/actions/secrets/public-key type=owner
[debug] [2023-04-11T05:17:04.044Z] <<< [apiv2][status] GET https://api.github.com/repos/YOWDAHE/Ecommerce-Website  y/actions/secrets/public-key 401
[debug] [2023-04-11T05:17:04.045Z] <<< [apiv2][body] GET https://api.github.com/repos/YOWDAHE/Ecommerce-Website  y/actions/secrets/public-key {"message":"Bad credentials","documentation_url":"https://docs.github.com/rest"}
[debug] [2023-04-11T05:17:22.490Z] >>> [apiv2][query] GET https://api.github.com/repos/YOWDAHE/Ecommerce-Website  /actions/secrets/public-key type=owner
[debug] [2023-04-11T05:17:23.113Z] <<< [apiv2][status] GET https://api.github.com/repos/YOWDAHE/Ecommerce-Website  /actions/secrets/public-key 401
[debug] [2023-04-11T05:17:23.114Z] <<< [apiv2][body] GET https://api.github.com/repos/YOWDAHE/Ecommerce-Website  /actions/secrets/public-key {"message":"Bad credentials","documentation_url":"https://docs.github.com/rest"}
[debug] [2023-04-11T05:17:25.304Z] >>> [apiv2][query] GET https://api.github.com/repos/YOWDAHE/Ecommerce-Website  /actions/secrets/public-key type=owner
[debug] [2023-04-11T05:17:25.838Z] <<< [apiv2][status] GET https://api.github.com/repos/YOWDAHE/Ecommerce-Website  /actions/secrets/public-key 401
[debug] [2023-04-11T05:17:25.839Z] <<< [apiv2][body] GET https://api.github.com/repos/YOWDAHE/Ecommerce-Website  /actions/secrets/public-key {"message":"Bad credentials","documentation_url":"https://docs.github.com/rest"}
[debug] [2023-04-11T05:18:14.419Z] >>> [apiv2][query] GET https://api.github.com/repos/YOWDAHE/Ecommerce-Website/actions/secrets/public-key type=owner
[debug] [2023-04-11T05:18:15.209Z] <<< [apiv2][status] GET https://api.github.com/repos/YOWDAHE/Ecommerce-Website/actions/secrets/public-key 401
[debug] [2023-04-11T05:18:15.209Z] <<< [apiv2][body] GET https://api.github.com/repos/YOWDAHE/Ecommerce-Website/actions/secrets/public-key {"message":"Bad credentials","documentation_url":"https://docs.github.com/rest"}
[debug] [2023-04-11T05:18:16.006Z] >>> [apiv2][query] GET https://api.github.com/repos/YOWDAHE/Ecommerce-Website/actions/secrets/public-key type=owner
[debug] [2023-04-11T05:18:16.922Z] <<< [apiv2][status] GET https://api.github.com/repos/YOWDAHE/Ecommerce-Website/actions/secrets/public-key 401
[debug] [2023-04-11T05:18:16.922Z] <<< [apiv2][body] GET https://api.github.com/repos/YOWDAHE/Ecommerce-Website/actions/secrets/public-key {"message":"Bad credentials","documentation_url":"https://docs.github.com/rest"}
[debug] [2023-04-11T05:18:17.647Z] >>> [apiv2][query] GET https://api.github.com/repos/YOWDAHE/Ecommerce-Website/actions/secrets/public-key type=owner
[debug] [2023-04-11T05:18:18.259Z] <<< [apiv2][status] GET https://api.github.com/repos/YOWDAHE/Ecommerce-Website/actions/secrets/public-key 401
[debug] [2023-04-11T05:18:18.259Z] <<< [apiv2][body] GET https://api.github.com/repos/YOWDAHE/Ecommerce-Website/actions/secrets/public-key {"message":"Bad credentials","documentation_url":"https://docs.github.com/rest"}
[debug] [2023-04-11T05:18:19.038Z] >>> [apiv2][query] GET https://api.github.com/repos/YOWDAHE/Ecommerce-Website/actions/secrets/public-key type=owner
[debug] [2023-04-11T05:18:19.626Z] <<< [apiv2][status] GET https://api.github.com/repos/YOWDAHE/Ecommerce-Website/actions/secrets/public-key 401
[debug] [2023-04-11T05:18:19.627Z] <<< [apiv2][body] GET https://api.github.com/repos/YOWDAHE/Ecommerce-Website/actions/secrets/public-key {"message":"Bad credentials","documentation_url":"https://docs.github.com/rest"}
[debug] [2023-04-11T05:18:20.272Z] >>> [apiv2][query] GET https://api.github.com/repos/YOWDAHE/Ecommerce-Website/actions/secrets/public-key type=owner
[debug] [2023-04-11T05:18:20.927Z] <<< [apiv2][status] GET https://api.github.com/repos/YOWDAHE/Ecommerce-Website/actions/secrets/public-key 401
[debug] [2023-04-11T05:18:20.928Z] <<< [apiv2][body] GET https://api.github.com/repos/YOWDAHE/Ecommerce-Website/actions/secrets/public-key {"message":"Bad credentials","documentation_url":"https://docs.github.com/rest"}
[debug] [2023-04-11T05:18:22.634Z] >>> [apiv2][query] GET https://api.github.com/repos/YOWDAHE/Ecommerce-Website/actions/secrets/public-key type=owner
[debug] [2023-04-11T05:18:23.294Z] <<< [apiv2][status] GET https://api.github.com/repos/YOWDAHE/Ecommerce-Website/actions/secrets/public-key 401
[debug] [2023-04-11T05:18:23.294Z] <<< [apiv2][body] GET https://api.github.com/repos/YOWDAHE/Ecommerce-Website/actions/secrets/public-key {"message":"Bad credentials","documentation_url":"https://docs.github.com/rest"}
[debug] [2023-04-11T11:53:34.311Z] >>> [apiv2][query] GET https://api.github.com/repos/YOWDAHE/Ecommerce-Website/actions/secrets/public-key type=owner
[debug] [2023-04-11T11:53:36.850Z] <<< [apiv2][status] GET https://api.github.com/repos/YOWDAHE/Ecommerce-Website/actions/secrets/public-key 401
[debug] [2023-04-11T11:53:36.851Z] <<< [apiv2][body] GET https://api.github.com/repos/YOWDAHE/Ecommerce-Website/actions/secrets/public-key {"message":"Bad credentials","documentation_url":"https://docs.github.com/rest"}
[debug] [2023-04-11T11:53:40.326Z] >>> [apiv2][query] GET https://api.github.com/repos/YOWDAHE/Ecommerce-Website/actions/secrets/public-key type=owner
[debug] [2023-04-11T11:53:42.612Z] <<< [apiv2][status] GET https://api.github.com/repos/YOWDAHE/Ecommerce-Website/actions/secrets/public-key 401
[debug] [2023-04-11T11:53:42.612Z] <<< [apiv2][body] GET https://api.github.com/repos/YOWDAHE/Ecommerce-Website/actions/secrets/public-key {"message":"Bad credentials","documentation_url":"https://docs.github.com/rest"}
[debug] [2023-04-11T11:53:49.412Z] >>> [apiv2][query] GET https://api.github.com/repos//actions/secrets/public-key type=owner
[debug] [2023-04-11T11:53:49.919Z] <<< [apiv2][status] GET https://api.github.com/repos//actions/secrets/public-key 401
[debug] [2023-04-11T11:53:49.920Z] <<< [apiv2][body] GET https://api.github.com/repos//actions/secrets/public-key {"message":"Bad credentials","documentation_url":"https://docs.github.com/rest"}
[debug] [2023-04-11T11:53:50.822Z] >>> [apiv2][query] GET https://api.github.com/repos//actions/secrets/public-key type=owner
[debug] [2023-04-11T11:53:51.884Z] <<< [apiv2][status] GET https://api.github.com/repos//actions/secrets/public-key 401
[debug] [2023-04-11T11:53:51.885Z] <<< [apiv2][body] GET https://api.github.com/repos//actions/secrets/public-key {"message":"Bad credentials","documentation_url":"https://docs.github.com/rest"}
[debug] [2023-04-11T11:54:10.655Z] >>> [apiv2][query] GET https://api.github.com/repos/y/actions/secrets/public-key type=owner
[debug] [2023-04-11T11:54:11.188Z] <<< [apiv2][status] GET https://api.github.com/repos/y/actions/secrets/public-key 401
[debug] [2023-04-11T11:54:11.189Z] <<< [apiv2][body] GET https://api.github.com/repos/y/actions/secrets/public-key {"message":"Bad credentials","documentation_url":"https://docs.github.com/rest"}
[debug] [2023-04-11T11:54:15.699Z] >>> [apiv2][query] GET https://api.github.com/repos//actions/secrets/public-key type=owner
[debug] [2023-04-11T11:54:16.222Z] <<< [apiv2][status] GET https://api.github.com/repos//actions/secrets/public-key 401
[debug] [2023-04-11T11:54:16.222Z] <<< [apiv2][body] GET https://api.github.com/repos//actions/secrets/public-key {"message":"Bad credentials","documentation_url":"https://docs.github.com/rest"}
[debug] [2023-04-11T11:54:16.776Z] >>> [apiv2][query] GET https://api.github.com/repos//actions/secrets/public-key type=owner
[debug] [2023-04-11T11:54:17.250Z] <<< [apiv2][status] GET https://api.github.com/repos//actions/secrets/public-key 401
[debug] [2023-04-11T11:54:17.250Z] <<< [apiv2][body] GET https://api.github.com/repos//actions/secrets/public-key {"message":"Bad credentials","documentation_url":"https://docs.github.com/rest"}
[debug] [2023-04-11T11:54:17.790Z] >>> [apiv2][query] GET https://api.github.com/repos/ /actions/secrets/public-key type=owner
[debug] [2023-04-11T11:54:18.260Z] <<< [apiv2][status] GET https://api.github.com/repos/ /actions/secrets/public-key 401
[debug] [2023-04-11T11:54:18.261Z] <<< [apiv2][body] GET https://api.github.com/repos/ /actions/secrets/public-key {"message":"Bad credentials","documentation_url":"https://docs.github.com/rest"}
[debug] [2023-04-11T11:54:18.994Z] >>> [apiv2][query] GET https://api.github.com/repos/  /actions/secrets/public-key type=owner
[debug] [2023-04-11T11:54:19.484Z] <<< [apiv2][status] GET https://api.github.com/repos/  /actions/secrets/public-key 401
[debug] [2023-04-11T11:54:19.484Z] <<< [apiv2][body] GET https://api.github.com/repos/  /actions/secrets/public-key {"message":"Bad credentials","documentation_url":"https://docs.github.com/rest"}
[debug] [2023-04-11T11:54:20.165Z] >>> [apiv2][query] GET https://api.github.com/repos/   /actions/secrets/public-key type=owner
[debug] [2023-04-11T11:54:20.975Z] <<< [apiv2][status] GET https://api.github.com/repos/   /actions/secrets/public-key 401
[debug] [2023-04-11T11:54:20.976Z] <<< [apiv2][body] GET https://api.github.com/repos/   /actions/secrets/public-key {"message":"Bad credentials","documentation_url":"https://docs.github.com/rest"}
[debug] [2023-04-11T11:54:21.375Z] >>> [apiv2][query] GET https://api.github.com/repos/    /actions/secrets/public-key type=owner
[debug] [2023-04-11T11:54:21.857Z] <<< [apiv2][status] GET https://api.github.com/repos/    /actions/secrets/public-key 401
[debug] [2023-04-11T11:54:21.857Z] <<< [apiv2][body] GET https://api.github.com/repos/    /actions/secrets/public-key {"message":"Bad credentials","documentation_url":"https://docs.github.com/rest"}
[debug] [2023-04-11T11:54:22.556Z] >>> [apiv2][query] GET https://api.github.com/repos/     /actions/secrets/public-key type=owner
[debug] [2023-04-11T11:54:24.110Z] <<< [apiv2][status] GET https://api.github.com/repos/     /actions/secrets/public-key 401
[debug] [2023-04-11T11:54:24.111Z] <<< [apiv2][body] GET https://api.github.com/repos/     /actions/secrets/public-key {"message":"Bad credentials","documentation_url":"https://docs.github.com/rest"}
